<?xml version="1.0" encoding="UTF-8"?>
<coverage generated="1772111244095" clover="3.2.0">
  <project timestamp="1772111244095" name="All files">
    <metrics statements="88" coveredstatements="88" conditionals="0" coveredconditionals="0" methods="9" coveredmethods="9" elements="97" coveredelements="97" complexity="0" loc="88" ncloc="88" packages="2" files="5" classes="5"/>
    <package name="lib">
      <metrics statements="41" coveredstatements="41" conditionals="0" coveredconditionals="0" methods="4" coveredmethods="4"/>
      <file name="main-stack.ts" path="C:\Users\ChristianNiiSolomon\code\projects\ac-cp-co\cdk-infra\lib\main-stack.ts">
        <metrics statements="27" coveredstatements="27" conditionals="0" coveredconditionals="0" methods="3" coveredmethods="3"/>
        <line num="1" count="1" type="stmt"/>
        <line num="2" count="1" type="stmt"/>
        <line num="3" count="1" type="stmt"/>
        <line num="5" count="1" type="stmt"/>
        <line num="6" count="1" type="stmt"/>
        <line num="7" count="1" type="stmt"/>
        <line num="8" count="1" type="stmt"/>
        <line num="20" count="1" type="stmt"/>
        <line num="22" count="11" type="stmt"/>
        <line num="25" count="11" type="stmt"/>
        <line num="28" count="11" type="stmt"/>
        <line num="34" count="11" type="stmt"/>
        <line num="39" count="11" type="stmt"/>
        <line num="40" count="11" type="stmt"/>
        <line num="43" count="11" type="stmt"/>
        <line num="44" count="11" type="stmt"/>
        <line num="50" count="11" type="stmt"/>
        <line num="51" count="11" type="stmt"/>
        <line num="57" count="11" type="stmt"/>
        <line num="58" count="11" type="stmt"/>
        <line num="63" count="11" type="stmt"/>
        <line num="92" count="11" type="stmt"/>
        <line num="97" count="11" type="stmt"/>
        <line num="111" count="11" type="stmt"/>
        <line num="114" count="11" type="stmt"/>
        <line num="119" count="11" type="stmt"/>
        <line num="124" count="11" type="stmt"/>
      </file>
      <file name="member-stack.ts" path="C:\Users\ChristianNiiSolomon\code\projects\ac-cp-co\cdk-infra\lib\member-stack.ts">
        <metrics statements="14" coveredstatements="14" conditionals="0" coveredconditionals="0" methods="1" coveredmethods="1"/>
        <line num="1" count="2" type="stmt"/>
        <line num="2" count="2" type="stmt"/>
        <line num="3" count="2" type="stmt"/>
        <line num="4" count="2" type="stmt"/>
        <line num="6" count="2" type="stmt"/>
        <line num="16" count="2" type="stmt"/>
        <line num="18" count="20" type="stmt"/>
        <line num="21" count="20" type="stmt"/>
        <line num="40" count="20" type="stmt"/>
        <line num="64" count="20" type="stmt"/>
        <line num="82" count="20" type="stmt"/>
        <line num="90" count="20" type="stmt"/>
        <line num="106" count="20" type="stmt"/>
        <line num="121" count="20" type="stmt"/>
      </file>
    </package>
    <package name="lib.constructs">
      <metrics statements="47" coveredstatements="47" conditionals="0" coveredconditionals="0" methods="5" coveredmethods="5"/>
      <file name="document-share.ts" path="C:\Users\ChristianNiiSolomon\code\projects\ac-cp-co\cdk-infra\lib\constructs\document-share.ts">
        <metrics statements="14" coveredstatements="14" conditionals="0" coveredconditionals="0" methods="2" coveredmethods="2"/>
        <line num="1" count="1" type="stmt"/>
        <line num="2" count="1" type="stmt"/>
        <line num="3" count="1" type="stmt"/>
        <line num="4" count="1" type="stmt"/>
        <line num="5" count="1" type="stmt"/>
        <line num="6" count="1" type="stmt"/>
        <line num="16" count="1" type="stmt"/>
        <line num="18" count="11" type="stmt"/>
        <line num="21" count="11" type="stmt"/>
        <line num="33" count="11" type="stmt"/>
        <line num="41" count="11" type="stmt"/>
        <line num="52" count="11" type="stmt"/>
        <line num="57" count="11" type="stmt"/>
        <line num="58" count="11" type="stmt"/>
      </file>
      <file name="org-details.ts" path="C:\Users\ChristianNiiSolomon\code\projects\ac-cp-co\cdk-infra\lib\constructs\org-details.ts">
        <metrics statements="14" coveredstatements="14" conditionals="0" coveredconditionals="0" methods="1" coveredmethods="1"/>
        <line num="1" count="1" type="stmt"/>
        <line num="2" count="1" type="stmt"/>
        <line num="3" count="1" type="stmt"/>
        <line num="4" count="1" type="stmt"/>
        <line num="5" count="1" type="stmt"/>
        <line num="6" count="1" type="stmt"/>
        <line num="12" count="1" type="stmt"/>
        <line num="17" count="11" type="stmt"/>
        <line num="20" count="11" type="stmt"/>
        <line num="33" count="11" type="stmt"/>
        <line num="45" count="11" type="stmt"/>
        <line num="50" count="11" type="stmt"/>
        <line num="55" count="11" type="stmt"/>
        <line num="56" count="11" type="stmt"/>
      </file>
      <file name="remediation-documents.ts" path="C:\Users\ChristianNiiSolomon\code\projects\ac-cp-co\cdk-infra\lib\constructs\remediation-documents.ts">
        <metrics statements="19" coveredstatements="19" conditionals="0" coveredconditionals="0" methods="2" coveredmethods="2"/>
        <line num="1" count="1" type="stmt"/>
        <line num="2" count="1" type="stmt"/>
        <line num="4" count="1" type="stmt"/>
        <line num="5" count="1" type="stmt"/>
        <line num="6" count="1" type="stmt"/>
        <line num="7" count="1" type="stmt"/>
        <line num="17" count="1" type="stmt"/>
        <line num="22" count="11" type="stmt"/>
        <line num="24" count="11" type="stmt"/>
        <line num="25" count="11" type="stmt"/>
        <line num="28" count="11" type="stmt"/>
        <line num="37" count="11" type="stmt"/>
        <line num="38" count="11" type="stmt"/>
        <line num="45" count="11" type="stmt"/>
        <line num="46" count="11" type="stmt"/>
        <line num="49" count="11" type="stmt"/>
        <line num="52" count="11" type="stmt"/>
        <line num="65" count="11" type="stmt"/>
        <line num="66" count="11" type="stmt"/>
      </file>
    </package>
  </project>
</coverage>
