{"C:\\Users\\ChristianNiiSolomon\\code\\projects\\ac-cp-co\\cdk-infra\\lib\\main-stack.ts": {"path":"C:\\Users\\ChristianNiiSolomon\\code\\projects\\ac-cp-co\\cdk-infra\\lib\\main-stack.ts","statementMap":{"0":{"start":{"line":1,"column":0},"end":{"line":1,"column":35}},"1":{"start":{"line":2,"column":0},"end":{"line":2,"column":35}},"2":{"start":{"line":3,"column":0},"end":{"line":3,"column":52}},"3":{"start":{"line":5,"column":0},"end":{"line":5,"column":63}},"4":{"start":{"line":6,"column":0},"end":{"line":6,"column":83}},"5":{"start":{"line":7,"column":0},"end":{"line":7,"column":69}},"6":{"start":{"line":8,"column":0},"end":{"line":8,"column":52}},"7":{"start":{"line":22,"column":4},"end":{"line":22,"column":28}},"8":{"start":{"line":25,"column":23},"end":{"line":25,"column":66}},"9":{"start":{"line":28,"column":28},"end":{"line":30,"column":null}},"10":{"start":{"line":34,"column":26},"end":{"line":36,"column":6}},"11":{"start":{"line":39,"column":4},"end":{"line":46,"column":7}},"12":{"start":{"line":40,"column":28},"end":{"line":41,"column":null}},"13":{"start":{"line":43,"column":6},"end":{"line":45,"column":9}},"14":{"start":{"line":44,"column":8},"end":{"line":44,"column":46}},"15":{"start":{"line":50,"column":29},"end":{"line":50,"column":68}},"16":{"start":{"line":51,"column":24},"end":{"line":53,"column":null}},"17":{"start":{"line":57,"column":21},"end":{"line":57,"column":45}},"18":{"start":{"line":58,"column":27},"end":{"line":60,"column":14}},"19":{"start":{"line":63,"column":21},"end":{"line":89,"column":6}},"20":{"start":{"line":92,"column":4},"end":{"line":92,"column":44}},"21":{"start":{"line":97,"column":28},"end":{"line":107,"column":null}},"22":{"start":{"line":111,"column":4},"end":{"line":111,"column":44}},"23":{"start":{"line":114,"column":4},"end":{"line":117,"column":7}},"24":{"start":{"line":119,"column":4},"end":{"line":122,"column":7}},"25":{"start":{"line":124,"column":4},"end":{"line":127,"column":7}},"26":{"start":{"line":20,"column":0},"end":{"line":20,"column":13}}},"fnMap":{"0":{"name":"(anonymous_9)","decl":{"start":{"line":21,"column":2},"end":{"line":21,"column":14}},"loc":{"start":{"line":21,"column":66},"end":{"line":128,"column":3}}},"1":{"name":"(anonymous_10)","decl":{"start":{"line":39,"column":42},"end":{"line":39,"column":43}},"loc":{"start":{"line":39,"column":55},"end":{"line":46,"column":5}}},"2":{"name":"(anonymous_11)","decl":{"start":{"line":43,"column":40},"end":{"line":43,"column":41}},"loc":{"start":{"line":43,"column":48},"end":{"line":45,"column":7}}}},"branchMap":{},"s":{"0":1,"1":1,"2":1,"3":1,"4":1,"5":1,"6":1,"7":11,"8":11,"9":11,"10":11,"11":11,"12":11,"13":11,"14":11,"15":11,"16":11,"17":11,"18":11,"19":11,"20":11,"21":11,"22":11,"23":11,"24":11,"25":11,"26":1},"f":{"0":11,"1":11,"2":11},"b":{}}
,"C:\\Users\\ChristianNiiSolomon\\code\\projects\\ac-cp-co\\cdk-infra\\lib\\member-stack.ts": {"path":"C:\\Users\\ChristianNiiSolomon\\code\\projects\\ac-cp-co\\cdk-infra\\lib\\member-stack.ts","statementMap":{"0":{"start":{"line":1,"column":0},"end":{"line":1,"column":35}},"1":{"start":{"line":2,"column":0},"end":{"line":2,"column":49}},"2":{"start":{"line":3,"column":0},"end":{"line":3,"column":43}},"3":{"start":{"line":4,"column":0},"end":{"line":4,"column":49}},"4":{"start":{"line":6,"column":0},"end":{"line":6,"column":29}},"5":{"start":{"line":18,"column":4},"end":{"line":18,"column":28}},"6":{"start":{"line":21,"column":27},"end":{"line":37,"column":6}},"7":{"start":{"line":40,"column":23},"end":{"line":61,"column":6}},"8":{"start":{"line":64,"column":31},"end":{"line":78,"column":null}},"9":{"start":{"line":82,"column":4},"end":{"line":85,"column":7}},"10":{"start":{"line":90,"column":4},"end":{"line":103,"column":7}},"11":{"start":{"line":106,"column":4},"end":{"line":118,"column":7}},"12":{"start":{"line":121,"column":4},"end":{"line":134,"column":7}},"13":{"start":{"line":16,"column":0},"end":{"line":16,"column":13}}},"fnMap":{"0":{"name":"(anonymous_9)","decl":{"start":{"line":17,"column":2},"end":{"line":17,"column":14}},"loc":{"start":{"line":17,"column":66},"end":{"line":135,"column":3}}}},"branchMap":{},"s":{"0":2,"1":2,"2":2,"3":2,"4":2,"5":20,"6":20,"7":20,"8":20,"9":20,"10":20,"11":20,"12":20,"13":2},"f":{"0":20},"b":{}}
,"C:\\Users\\ChristianNiiSolomon\\code\\projects\\ac-cp-co\\cdk-infra\\lib\\constructs\\document-share.ts": {"path":"C:\\Users\\ChristianNiiSolomon\\code\\projects\\ac-cp-co\\cdk-infra\\lib\\constructs\\document-share.ts","statementMap":{"0":{"start":{"line":1,"column":0},"end":{"line":1,"column":35}},"1":{"start":{"line":2,"column":0},"end":{"line":2,"column":49}},"2":{"start":{"line":3,"column":0},"end":{"line":3,"column":43}},"3":{"start":{"line":4,"column":0},"end":{"line":4,"column":51}},"4":{"start":{"line":5,"column":0},"end":{"line":5,"column":39}},"5":{"start":{"line":6,"column":0},"end":{"line":6,"column":29}},"6":{"start":{"line":18,"column":4},"end":{"line":18,"column":21}},"7":{"start":{"line":21,"column":26},"end":{"line":30,"column":6}},"8":{"start":{"line":33,"column":4},"end":{"line":39,"column":6}},"9":{"start":{"line":41,"column":4},"end":{"line":49,"column":6}},"10":{"start":{"line":52,"column":21},"end":{"line":54,"column":6}},"11":{"start":{"line":57,"column":4},"end":{"line":64,"column":7}},"12":{"start":{"line":58,"column":6},"end":{"line":63,"column":9}},"13":{"start":{"line":16,"column":0},"end":{"line":16,"column":13}}},"fnMap":{"0":{"name":"(anonymous_9)","decl":{"start":{"line":17,"column":2},"end":{"line":17,"column":14}},"loc":{"start":{"line":17,"column":69},"end":{"line":65,"column":3}}},"1":{"name":"(anonymous_10)","decl":{"start":{"line":57,"column":32},"end":{"line":57,"column":33}},"loc":{"start":{"line":57,"column":56},"end":{"line":64,"column":5}}}},"branchMap":{},"s":{"0":1,"1":1,"2":1,"3":1,"4":1,"5":1,"6":11,"7":11,"8":11,"9":11,"10":11,"11":11,"12":11,"13":1},"f":{"0":11,"1":11},"b":{}}
,"C:\\Users\\ChristianNiiSolomon\\code\\projects\\ac-cp-co\\cdk-infra\\lib\\constructs\\org-details.ts": {"path":"C:\\Users\\ChristianNiiSolomon\\code\\projects\\ac-cp-co\\cdk-infra\\lib\\constructs\\org-details.ts","statementMap":{"0":{"start":{"line":1,"column":0},"end":{"line":1,"column":35}},"1":{"start":{"line":2,"column":0},"end":{"line":2,"column":49}},"2":{"start":{"line":3,"column":0},"end":{"line":3,"column":43}},"3":{"start":{"line":4,"column":0},"end":{"line":4,"column":51}},"4":{"start":{"line":5,"column":0},"end":{"line":5,"column":39}},"5":{"start":{"line":6,"column":0},"end":{"line":6,"column":29}},"6":{"start":{"line":17,"column":4},"end":{"line":17,"column":21}},"7":{"start":{"line":20,"column":31},"end":{"line":30,"column":6}},"8":{"start":{"line":33,"column":4},"end":{"line":42,"column":6}},"9":{"start":{"line":45,"column":21},"end":{"line":47,"column":6}},"10":{"start":{"line":50,"column":21},"end":{"line":52,"column":6}},"11":{"start":{"line":55,"column":4},"end":{"line":55,"column":31}},"12":{"start":{"line":56,"column":4},"end":{"line":56,"column":72}},"13":{"start":{"line":12,"column":0},"end":{"line":12,"column":13}}},"fnMap":{"0":{"name":"(anonymous_9)","decl":{"start":{"line":16,"column":2},"end":{"line":16,"column":14}},"loc":{"start":{"line":16,"column":42},"end":{"line":57,"column":3}}}},"branchMap":{},"s":{"0":1,"1":1,"2":1,"3":1,"4":1,"5":1,"6":11,"7":11,"8":11,"9":11,"10":11,"11":11,"12":11,"13":1},"f":{"0":11},"b":{}}
,"C:\\Users\\ChristianNiiSolomon\\code\\projects\\ac-cp-co\\cdk-infra\\lib\\constructs\\remediation-documents.ts": {"path":"C:\\Users\\ChristianNiiSolomon\\code\\projects\\ac-cp-co\\cdk-infra\\lib\\constructs\\remediation-documents.ts","statementMap":{"0":{"start":{"line":1,"column":0},"end":{"line":1,"column":35}},"1":{"start":{"line":2,"column":0},"end":{"line":2,"column":43}},"2":{"start":{"line":4,"column":0},"end":{"line":4,"column":39}},"3":{"start":{"line":5,"column":0},"end":{"line":5,"column":25}},"4":{"start":{"line":6,"column":0},"end":{"line":6,"column":29}},"5":{"start":{"line":7,"column":0},"end":{"line":7,"column":32}},"6":{"start":{"line":22,"column":4},"end":{"line":22,"column":21}},"7":{"start":{"line":24,"column":4},"end":{"line":24,"column":31}},"8":{"start":{"line":25,"column":4},"end":{"line":25,"column":28}},"9":{"start":{"line":28,"column":28},"end":{"line":34,"column":6}},"10":{"start":{"line":37,"column":4},"end":{"line":67,"column":7}},"11":{"start":{"line":38,"column":27},"end":{"line":41,"column":null}},"12":{"start":{"line":45,"column":30},"end":{"line":45,"column":67}},"13":{"start":{"line":46,"column":28},"end":{"line":46,"column":77}},"14":{"start":{"line":49,"column":27},"end":{"line":49,"column":65}},"15":{"start":{"line":52,"column":23},"end":{"line":63,"column":8}},"16":{"start":{"line":65,"column":6},"end":{"line":65,"column":48}},"17":{"start":{"line":66,"column":6},"end":{"line":66,"column":44}},"18":{"start":{"line":17,"column":0},"end":{"line":17,"column":13}}},"fnMap":{"0":{"name":"(anonymous_9)","decl":{"start":{"line":21,"column":2},"end":{"line":21,"column":14}},"loc":{"start":{"line":21,"column":42},"end":{"line":68,"column":3}}},"1":{"name":"(anonymous_10)","decl":{"start":{"line":37,"column":28},"end":{"line":37,"column":29}},"loc":{"start":{"line":37,"column":39},"end":{"line":67,"column":5}}}},"branchMap":{},"s":{"0":1,"1":1,"2":1,"3":1,"4":1,"5":1,"6":11,"7":11,"8":11,"9":11,"10":11,"11":11,"12":11,"13":11,"14":11,"15":11,"16":11,"17":11,"18":1},"f":{"0":11,"1":11},"b":{}}
}
