TN:
SF:lib\main-stack.ts
FN:21,(anonymous_9)
FN:39,(anonymous_10)
FN:43,(anonymous_11)
FNF:3
FNH:3
FNDA:11,(anonymous_9)
FNDA:11,(anonymous_10)
FNDA:11,(anonymous_11)
DA:1,1
DA:2,1
DA:3,1
DA:5,1
DA:6,1
DA:7,1
DA:8,1
DA:20,1
DA:22,11
DA:25,11
DA:28,11
DA:34,11
DA:39,11
DA:40,11
DA:43,11
DA:44,11
DA:50,11
DA:51,11
DA:57,11
DA:58,11
DA:63,11
DA:92,11
DA:97,11
DA:111,11
DA:114,11
DA:119,11
DA:124,11
LF:27
LH:27
BRF:0
BRH:0
end_of_record
TN:
SF:lib\member-stack.ts
FN:17,(anonymous_9)
FNF:1
FNH:1
FNDA:20,(anonymous_9)
DA:1,2
DA:2,2
DA:3,2
DA:4,2
DA:6,2
DA:16,2
DA:18,20
DA:21,20
DA:40,20
DA:64,20
DA:82,20
DA:90,20
DA:106,20
DA:121,20
LF:14
LH:14
BRF:0
BRH:0
end_of_record
TN:
SF:lib\constructs\document-share.ts
FN:17,(anonymous_9)
FN:57,(anonymous_10)
FNF:2
FNH:2
FNDA:11,(anonymous_9)
FNDA:11,(anonymous_10)
DA:1,1
DA:2,1
DA:3,1
DA:4,1
DA:5,1
DA:6,1
DA:16,1
DA:18,11
DA:21,11
DA:33,11
DA:41,11
DA:52,11
DA:57,11
DA:58,11
LF:14
LH:14
BRF:0
BRH:0
end_of_record
TN:
SF:lib\constructs\org-details.ts
FN:16,(anonymous_9)
FNF:1
FNH:1
FNDA:11,(anonymous_9)
DA:1,1
DA:2,1
DA:3,1
DA:4,1
DA:5,1
DA:6,1
DA:12,1
DA:17,11
DA:20,11
DA:33,11
DA:45,11
DA:50,11
DA:55,11
DA:56,11
LF:14
LH:14
BRF:0
BRH:0
end_of_record
TN:
SF:lib\constructs\remediation-documents.ts
FN:21,(anonymous_9)
FN:37,(anonymous_10)
FNF:2
FNH:2
FNDA:11,(anonymous_9)
FNDA:11,(anonymous_10)
DA:1,1
DA:2,1
DA:4,1
DA:5,1
DA:6,1
DA:7,1
DA:17,1
DA:22,11
DA:24,11
DA:25,11
DA:28,11
DA:37,11
DA:38,11
DA:45,11
DA:46,11
DA:49,11
DA:52,11
DA:65,11
DA:66,11
LF:19
LH:19
BRF:0
BRH:0
end_of_record
